<?xml version="1.0" encoding="UTF-8"?>
<testsuite xmlns:xsi="http://www.w3.org/2001/XMLSchema-instance" xsi:noNamespaceSchemaLocation="https://maven.apache.org/surefire/maven-surefire-plugin/xsd/surefire-test-report-3.0.xsd" version="3.0" name="com.cognizant.EurekaServer.EurekaServerApplicationTests" time="5.388" tests="1" errors="0" skipped="0" failures="0">
  <properties>
[...]
</properties>
  <testcase name="contextLoads" classname="com.cognizant.EurekaServer.EurekaServerApplicationTests" time="0.94">
    <system-out><![CDATA[12:59:30.083 [main] INFO org.springframework.test.context.support.AnnotationConfigContextLoaderUtils -- Could not detect default configuration classes for test class [com.cognizant.EurekaServer.EurekaServerApplicationTests]: EurekaServerApplicationTests does not declare any static, non-private, non-final, nested classes annotated with @Configuration.
12:59:30.190 [main] INFO org.springframework.boot.test.context.SpringBootTestContextBootstrapper -- Found @SpringBootConfiguration com.cognizant.EurekaServer.EurekaServerApplication for test class com.cognizant.EurekaServer.EurekaServerApplicationTests

  .   ____          _            __ _ _
 /\\ / ___'_ __ _ _(_)_ __  __ _ \ \ \ \
( ( )\___ | '_ | '_| | '_ \/ _` | \ \ \ \
 \\/  ___)| |_)| | | | | || (_| |  ) ) ) )
  '  |____| .__|_| |_|_| |_\__, | / / / /
 =========|_|==============|___/=/_/_/_/
 :: Spring Boot ::                (v3.2.0)

2024-02-01T12:59:30.832+05:30  INFO 23352 --- [EurekaServer] [           main] c.c.E.EurekaServerApplicationTests       : Starting EurekaServerApplicationTests using Java 17.0.3 with PID 23352 (started by tejas in E:\stock app yash\sts stock yash\Backend\Eureka-Server)
2024-02-01T12:59:30.834+05:30  INFO 23352 --- [EurekaServer] [           main] c.c.E.EurekaServerApplicationTests       : No active profile set, falling back to 1 default profile: "default"
2024-02-01T12:59:32.040+05:30  INFO 23352 --- [EurekaServer] [           main] o.s.cloud.context.scope.GenericScope     : BeanFactory id=9bb4bdbb-410f-37e5-beb4-ebe90f8a3706
2024-02-01T12:59:33.485+05:30  WARN 23352 --- [EurekaServer] [           main] iguration$LoadBalancerCaffeineWarnLogger : Spring Cloud LoadBalancer is currently working with the default cache. While this cache implementation is useful for development and tests, it's recommended to use Caffeine cache in production.You can switch to using Caffeine cache, by adding it and org.springframework.cache.caffeine.CaffeineCacheManager to the classpath.
2024-02-01T12:59:33.707+05:30  INFO 23352 --- [EurekaServer] [           main] o.s.c.n.eureka.InstanceInfoFactory       : Setting initial instance status as: STARTING
2024-02-01T12:59:33.738+05:30  INFO 23352 --- [EurekaServer] [           main] com.netflix.discovery.DiscoveryClient    : Initializing Eureka in region us-east-1
2024-02-01T12:59:33.740+05:30  INFO 23352 --- [EurekaServer] [           main] com.netflix.discovery.DiscoveryClient    : Client configured to neither register nor query for data.
2024-02-01T12:59:33.747+05:30  INFO 23352 --- [EurekaServer] [           main] com.netflix.discovery.DiscoveryClient    : Discovery Client initialized at timestamp 1706772573746 with initial instances count: 0
2024-02-01T12:59:33.793+05:30  INFO 23352 --- [EurekaServer] [           main] c.n.eureka.DefaultEurekaServerContext    : Initializing ...
2024-02-01T12:59:33.796+05:30  INFO 23352 --- [EurekaServer] [           main] c.n.eureka.cluster.PeerEurekaNodes       : Adding new peer nodes [http://localhost:8761/eureka/]
2024-02-01T12:59:34.021+05:30  INFO 23352 --- [EurekaServer] [           main] c.n.d.provider.DiscoveryJerseyProvider   : Using JSON encoding codec LegacyJacksonJson
2024-02-01T12:59:34.023+05:30  INFO 23352 --- [EurekaServer] [           main] c.n.d.provider.DiscoveryJerseyProvider   : Using JSON decoding codec LegacyJacksonJson
2024-02-01T12:59:34.023+05:30  INFO 23352 --- [EurekaServer] [           main] c.n.d.provider.DiscoveryJerseyProvider   : Using XML encoding codec XStreamXml
2024-02-01T12:59:34.023+05:30  INFO 23352 --- [EurekaServer] [           main] c.n.d.provider.DiscoveryJerseyProvider   : Using XML decoding codec XStreamXml
2024-02-01T12:59:34.159+05:30  INFO 23352 --- [EurekaServer] [           main] c.n.eureka.cluster.PeerEurekaNodes       : Replica node URL:  http://localhost:8761/eureka/
2024-02-01T12:59:34.166+05:30  INFO 23352 --- [EurekaServer] [           main] c.n.e.registry.AbstractInstanceRegistry  : Finished initializing remote region registries. All known remote regions: []
2024-02-01T12:59:34.167+05:30  INFO 23352 --- [EurekaServer] [           main] c.n.eureka.DefaultEurekaServerContext    : Initialized
2024-02-01T12:59:34.249+05:30  INFO 23352 --- [EurekaServer] [           main] o.s.b.a.e.web.EndpointLinksResolver      : Exposing 1 endpoint(s) beneath base path '/actuator'
2024-02-01T12:59:34.315+05:30  INFO 23352 --- [EurekaServer] [           main] o.s.c.n.e.s.EurekaServiceRegistry        : Registering application EUREKASERVER with eureka with status UP
2024-02-01T12:59:34.331+05:30  INFO 23352 --- [EurekaServer] [           main] c.c.E.EurekaServerApplicationTests       : Started EurekaServerApplicationTests in 3.938 seconds (process running for 5.082)
2024-02-01T12:59:34.331+05:30  INFO 23352 --- [EurekaServer] [      Thread-10] o.s.c.n.e.server.EurekaServerBootstrap   : isAws returned false
2024-02-01T12:59:34.331+05:30  INFO 23352 --- [EurekaServer] [      Thread-10] o.s.c.n.e.server.EurekaServerBootstrap   : Initialized server context
2024-02-01T12:59:34.331+05:30  INFO 23352 --- [EurekaServer] [      Thread-10] c.n.e.r.PeerAwareInstanceRegistryImpl    : Got 1 instances from neighboring DS node
2024-02-01T12:59:34.331+05:30  INFO 23352 --- [EurekaServer] [      Thread-10] c.n.e.r.PeerAwareInstanceRegistryImpl    : Renew threshold is: 1
2024-02-01T12:59:34.332+05:30  INFO 23352 --- [EurekaServer] [      Thread-10] c.n.e.r.PeerAwareInstanceRegistryImpl    : Changing status to UP
2024-02-01T12:59:34.345+05:30  INFO 23352 --- [EurekaServer] [      Thread-10] e.s.EurekaServerInitializerConfiguration : Started Eureka Server
]]></system-out>
  </testcase>
</testsuite>