<?xml version="1.0" encoding="UTF-8"?>
<testsuite xmlns:xsi="http://www.w3.org/2001/XMLSchema-instance" xsi:noNamespaceSchemaLocation="https://maven.apache.org/surefire/maven-surefire-plugin/xsd/surefire-test-report-3.0.xsd" version="3.0" name="com.cognizant.UserProfile.Controller.UserControllerTest" time="1.263" tests="5" errors="0" skipped="0" failures="0">
  <properties>
[...]
</properties>
  <testcase name="testAddUser" classname="com.cognizant.UserProfile.Controller.UserControllerTest" time="1.197"/>
  <testcase name="testUpdateUser" classname="com.cognizant.UserProfile.Controller.UserControllerTest" time="0.005"/>
  <testcase name="testDeleteUser" classname="com.cognizant.UserProfile.Controller.UserControllerTest" time="0.004"/>
  <testcase name="testGetUserById" classname="com.cognizant.UserProfile.Controller.UserControllerTest" time="0.003"/>
  <testcase name="testUpdateUserWhenUserNotFound" classname="com.cognizant.UserProfile.Controller.UserControllerTest" time="0.008"/>
</testsuite>